app/build/intermediates/manifest_merge_blame_file/debug/manifest-merger-blame-debug-report.txt
1<?xml version="1.0" encoding="utf-8"?>
2<manifest xmlns:android="http://schemas.android.com/apk/res/android"
3    package="com.example.loyaltyy"
4    android:versionCode="1"
5    android:versionName="1.0" >
6
7    <uses-sdk
8        android:minSdkVersion="19"
8-->src/main/AndroidManifest.xml
9        android:targetSdkVersion="33" />
9-->src/main/AndroidManifest.xml
10
11    <uses-permission android:name="android.permission.INTERNET" />
11-->[com.google.firebase:firebase-auth:22.0.0] AndroidManifest.xml:25:5-67
11-->[com.google.firebase:firebase-auth:22.0.0] AndroidManifest.xml:25:22-64
12    <uses-permission android:name="android.permission.ACCESS_NETWORK_STATE" />
12-->[com.google.firebase:firebase-auth:22.0.0] AndroidManifest.xml:26:5-79
12-->[com.google.firebase:firebase-auth:22.0.0] AndroidManifest.xml:26:22-76
13
14    <permission
14-->[androidx.core:core:1.10.0] AndroidManifest.xml:22:5-24:47
15        android:name="com.example.loyaltyy.DYNAMIC_RECEIVER_NOT_EXPORTED_PERMISSION"
15-->[androidx.core:core:1.10.0] AndroidManifest.xml:23:9-81
16        android:protectionLevel="signature" />
16-->[androidx.core:core:1.10.0] AndroidManifest.xml:24:9-44
17
18    <uses-permission android:name="com.example.loyaltyy.DYNAMIC_RECEIVER_NOT_EXPORTED_PERMISSION" />
18-->[androidx.core:core:1.10.0] AndroidManifest.xml:26:5-97
18-->[androidx.core:core:1.10.0] AndroidManifest.xml:26:22-94
19
20    <application
20-->src/main/AndroidManifest.xml:5:5-42:19
21        android:allowBackup="true"
21-->src/main/AndroidManifest.xml:6:9-35
22        android:appComponentFactory="androidx.core.app.CoreComponentFactory"
22-->[androidx.core:core:1.10.0] AndroidManifest.xml:28:18-86
23        android:dataExtractionRules="@xml/data_extraction_rules"
23-->src/main/AndroidManifest.xml:7:9-65
24        android:debuggable="true"
25        android:fullBackupContent="@xml/backup_rules"
25-->src/main/AndroidManifest.xml:8:9-54
26        android:icon="@drawable/splashscreen"
26-->src/main/AndroidManifest.xml:9:9-46
27        android:label="@string/app_name"
27-->src/main/AndroidManifest.xml:10:9-41
28        android:roundIcon="@drawable/splashscreen"
28-->src/main/AndroidManifest.xml:11:9-51
29        android:supportsRtl="true"
29-->src/main/AndroidManifest.xml:12:9-35
30        android:testOnly="true"
31        android:theme="@style/Theme.Loyaltyy" >
31-->src/main/AndroidManifest.xml:13:9-46
32        <activity
32-->src/main/AndroidManifest.xml:15:9-18:49
33            android:name="com.example.loyaltyy.UpdateTaskActivity"
33-->src/main/AndroidManifest.xml:16:13-47
34            android:exported="false"
34-->src/main/AndroidManifest.xml:18:13-37
35            android:windowSoftInputMode="adjustResize" />
35-->src/main/AndroidManifest.xml:17:13-55
36        <activity
36-->src/main/AndroidManifest.xml:19:9-22:40
37            android:name="com.example.loyaltyy.AddTaskActivity"
37-->src/main/AndroidManifest.xml:20:13-44
38            android:exported="false"
38-->src/main/AndroidManifest.xml:22:13-37
39            android:windowSoftInputMode="adjustResize" />
39-->src/main/AndroidManifest.xml:21:13-55
40        <activity
40-->src/main/AndroidManifest.xml:23:9-32:20
41            android:name="com.example.loyaltyy.Splashscreen"
41-->src/main/AndroidManifest.xml:24:13-41
42            android:exported="true"
42-->src/main/AndroidManifest.xml:25:13-36
43            android:theme="@style/SplashscreenTheme" >
43-->src/main/AndroidManifest.xml:26:13-53
44            <intent-filter>
44-->src/main/AndroidManifest.xml:27:13-31:29
45                <action android:name="android.intent.action.MAIN" />
45-->src/main/AndroidManifest.xml:28:17-69
45-->src/main/AndroidManifest.xml:28:25-66
46
47                <category android:name="android.intent.category.LAUNCHER" />
47-->src/main/AndroidManifest.xml:30:17-77
47-->src/main/AndroidManifest.xml:30:27-74
48            </intent-filter>
49        </activity>
50        <activity
50-->src/main/AndroidManifest.xml:33:9-35:40
51            android:name="com.example.loyaltyy.RegisterActivity"
51-->src/main/AndroidManifest.xml:34:13-45
52            android:exported="false" />
52-->src/main/AndroidManifest.xml:35:13-37
53        <activity
53-->src/main/AndroidManifest.xml:36:9-38:39
54            android:name="com.example.loyaltyy.MainActivity"
54-->src/main/AndroidManifest.xml:37:13-41
55            android:exported="true" />
55-->src/main/AndroidManifest.xml:38:13-36
56        <activity
56-->src/main/AndroidManifest.xml:39:9-41:40
57            android:name="com.example.loyaltyy.LoginActivity"
57-->src/main/AndroidManifest.xml:40:13-42
58            android:exported="false" />
58-->src/main/AndroidManifest.xml:41:13-37
59        <activity
59-->[com.google.firebase:firebase-auth:22.0.0] AndroidManifest.xml:29:9-46:20
60            android:name="com.google.firebase.auth.internal.GenericIdpActivity"
60-->[com.google.firebase:firebase-auth:22.0.0] AndroidManifest.xml:30:13-80
61            android:excludeFromRecents="true"
61-->[com.google.firebase:firebase-auth:22.0.0] AndroidManifest.xml:31:13-46
62            android:exported="true"
62-->[com.google.firebase:firebase-auth:22.0.0] AndroidManifest.xml:32:13-36
63            android:launchMode="singleTask"
63-->[com.google.firebase:firebase-auth:22.0.0] AndroidManifest.xml:33:13-44
64            android:theme="@android:style/Theme.Translucent.NoTitleBar" >
64-->[com.google.firebase:firebase-auth:22.0.0] AndroidManifest.xml:34:13-72
65            <intent-filter>
65-->[com.google.firebase:firebase-auth:22.0.0] AndroidManifest.xml:35:13-45:29
66                <action android:name="android.intent.action.VIEW" />
66-->[com.google.firebase:firebase-auth:22.0.0] AndroidManifest.xml:36:17-69
66-->[com.google.firebase:firebase-auth:22.0.0] AndroidManifest.xml:36:25-66
67
68                <category android:name="android.intent.category.DEFAULT" />
68-->[com.google.firebase:firebase-auth:22.0.0] AndroidManifest.xml:38:17-76
68-->[com.google.firebase:firebase-auth:22.0.0] AndroidManifest.xml:38:27-73
69                <category android:name="android.intent.category.BROWSABLE" />
69-->[com.google.firebase:firebase-auth:22.0.0] AndroidManifest.xml:39:17-78
69-->[com.google.firebase:firebase-auth:22.0.0] AndroidManifest.xml:39:27-75
70
71                <data
71-->[com.google.firebase:firebase-auth:22.0.0] AndroidManifest.xml:41:17-44:51
72                    android:host="firebase.auth"
72-->[com.google.firebase:firebase-auth:22.0.0] AndroidManifest.xml:42:21-49
73                    android:path="/"
73-->[com.google.firebase:firebase-auth:22.0.0] AndroidManifest.xml:43:21-37
74                    android:scheme="genericidp" />
74-->[com.google.firebase:firebase-auth:22.0.0] AndroidManifest.xml:44:21-48
75            </intent-filter>
76        </activity>
77        <activity
77-->[com.google.firebase:firebase-auth:22.0.0] AndroidManifest.xml:47:9-64:20
78            android:name="com.google.firebase.auth.internal.RecaptchaActivity"
78-->[com.google.firebase:firebase-auth:22.0.0] AndroidManifest.xml:48:13-79
79            android:excludeFromRecents="true"
79-->[com.google.firebase:firebase-auth:22.0.0] AndroidManifest.xml:49:13-46
80            android:exported="true"
80-->[com.google.firebase:firebase-auth:22.0.0] AndroidManifest.xml:50:13-36
81            android:launchMode="singleTask"
81-->[com.google.firebase:firebase-auth:22.0.0] AndroidManifest.xml:51:13-44
82            android:theme="@android:style/Theme.Translucent.NoTitleBar" >
82-->[com.google.firebase:firebase-auth:22.0.0] AndroidManifest.xml:52:13-72
83            <intent-filter>
83-->[com.google.firebase:firebase-auth:22.0.0] AndroidManifest.xml:53:13-63:29
84                <action android:name="android.intent.action.VIEW" />
84-->[com.google.firebase:firebase-auth:22.0.0] AndroidManifest.xml:36:17-69
84-->[com.google.firebase:firebase-auth:22.0.0] AndroidManifest.xml:36:25-66
85
86                <category android:name="android.intent.category.DEFAULT" />
86-->[com.google.firebase:firebase-auth:22.0.0] AndroidManifest.xml:38:17-76
86-->[com.google.firebase:firebase-auth:22.0.0] AndroidManifest.xml:38:27-73
87                <category android:name="android.intent.category.BROWSABLE" />
87-->[com.google.firebase:firebase-auth:22.0.0] AndroidManifest.xml:39:17-78
87-->[com.google.firebase:firebase-auth:22.0.0] AndroidManifest.xml:39:27-75
88
89                <data
89-->[com.google.firebase:firebase-auth:22.0.0] AndroidManifest.xml:41:17-44:51
90                    android:host="firebase.auth"
90-->[com.google.firebase:firebase-auth:22.0.0] AndroidManifest.xml:42:21-49
91                    android:path="/"
91-->[com.google.firebase:firebase-auth:22.0.0] AndroidManifest.xml:43:21-37
92                    android:scheme="recaptcha" />
92-->[com.google.firebase:firebase-auth:22.0.0] AndroidManifest.xml:44:21-48
93            </intent-filter>
94        </activity>
95
96        <service
96-->[com.google.firebase:firebase-auth:22.0.0] AndroidManifest.xml:66:9-72:19
97            android:name="com.google.firebase.components.ComponentDiscoveryService"
97-->[com.google.firebase:firebase-auth:22.0.0] AndroidManifest.xml:67:13-84
98            android:directBootAware="true"
98-->[com.google.firebase:firebase-common:20.3.2] AndroidManifest.xml:34:13-43
99            android:exported="false" >
99-->[com.google.firebase:firebase-auth:22.0.0] AndroidManifest.xml:68:13-37
100            <meta-data
100-->[com.google.firebase:firebase-auth:22.0.0] AndroidManifest.xml:69:13-71:85
101                android:name="com.google.firebase.components:com.google.firebase.auth.FirebaseAuthRegistrar"
101-->[com.google.firebase:firebase-auth:22.0.0] AndroidManifest.xml:70:17-109
102                android:value="com.google.firebase.components.ComponentRegistrar" />
102-->[com.google.firebase:firebase-auth:22.0.0] AndroidManifest.xml:71:17-82
103            <meta-data
103-->[com.google.firebase:firebase-database-ktx:20.2.1] AndroidManifest.xml:14:13-16:85
104                android:name="com.google.firebase.components:com.google.firebase.database.ktx.FirebaseDatabaseKtxRegistrar"
104-->[com.google.firebase:firebase-database-ktx:20.2.1] AndroidManifest.xml:15:17-124
105                android:value="com.google.firebase.components.ComponentRegistrar" />
105-->[com.google.firebase:firebase-database-ktx:20.2.1] AndroidManifest.xml:16:17-82
106            <meta-data
106-->[com.google.firebase:firebase-database:20.2.1] AndroidManifest.xml:31:13-33:85
107                android:name="com.google.firebase.components:com.google.firebase.database.DatabaseRegistrar"
107-->[com.google.firebase:firebase-database:20.2.1] AndroidManifest.xml:32:17-109
108                android:value="com.google.firebase.components.ComponentRegistrar" />
108-->[com.google.firebase:firebase-database:20.2.1] AndroidManifest.xml:33:17-82
109            <meta-data
109-->[com.google.firebase:firebase-common-ktx:20.3.2] AndroidManifest.xml:14:13-16:85
110                android:name="com.google.firebase.components:com.google.firebase.ktx.FirebaseCommonKtxRegistrar"
110-->[com.google.firebase:firebase-common-ktx:20.3.2] AndroidManifest.xml:15:17-113
111                android:value="com.google.firebase.components.ComponentRegistrar" />
111-->[com.google.firebase:firebase-common-ktx:20.3.2] AndroidManifest.xml:16:17-82
112        </service>
113
114        <provider
114-->[com.google.firebase:firebase-common:20.3.2] AndroidManifest.xml:25:9-30:39
115            android:name="com.google.firebase.provider.FirebaseInitProvider"
115-->[com.google.firebase:firebase-common:20.3.2] AndroidManifest.xml:26:13-77
116            android:authorities="com.example.loyaltyy.firebaseinitprovider"
116-->[com.google.firebase:firebase-common:20.3.2] AndroidManifest.xml:27:13-72
117            android:directBootAware="true"
117-->[com.google.firebase:firebase-common:20.3.2] AndroidManifest.xml:28:13-43
118            android:exported="false"
118-->[com.google.firebase:firebase-common:20.3.2] AndroidManifest.xml:29:13-37
119            android:initOrder="100" />
119-->[com.google.firebase:firebase-common:20.3.2] AndroidManifest.xml:30:13-36
120
121        <activity
121-->[com.google.android.gms:play-services-base:18.1.0] AndroidManifest.xml:20:9-22:45
122            android:name="com.google.android.gms.common.api.GoogleApiActivity"
122-->[com.google.android.gms:play-services-base:18.1.0] AndroidManifest.xml:20:19-85
123            android:exported="false"
123-->[com.google.android.gms:play-services-base:18.1.0] AndroidManifest.xml:22:19-43
124            android:theme="@android:style/Theme.Translucent.NoTitleBar" />
124-->[com.google.android.gms:play-services-base:18.1.0] AndroidManifest.xml:21:19-78
125
126        <meta-data
126-->[com.google.android.gms:play-services-basement:18.1.0] AndroidManifest.xml:21:9-23:69
127            android:name="com.google.android.gms.version"
127-->[com.google.android.gms:play-services-basement:18.1.0] AndroidManifest.xml:22:13-58
128            android:value="@integer/google_play_services_version" />
128-->[com.google.android.gms:play-services-basement:18.1.0] AndroidManifest.xml:23:13-66
129
130        <provider
130-->[androidx.emoji2:emoji2:1.2.0] AndroidManifest.xml:24:9-32:20
131            android:name="androidx.startup.InitializationProvider"
131-->[androidx.emoji2:emoji2:1.2.0] AndroidManifest.xml:25:13-67
132            android:authorities="com.example.loyaltyy.androidx-startup"
132-->[androidx.emoji2:emoji2:1.2.0] AndroidManifest.xml:26:13-68
133            android:exported="false" >
133-->[androidx.emoji2:emoji2:1.2.0] AndroidManifest.xml:27:13-37
134            <meta-data
134-->[androidx.emoji2:emoji2:1.2.0] AndroidManifest.xml:29:13-31:52
135                android:name="androidx.emoji2.text.EmojiCompatInitializer"
135-->[androidx.emoji2:emoji2:1.2.0] AndroidManifest.xml:30:17-75
136                android:value="androidx.startup" />
136-->[androidx.emoji2:emoji2:1.2.0] AndroidManifest.xml:31:17-49
137            <meta-data
137-->[androidx.lifecycle:lifecycle-process:2.6.1] AndroidManifest.xml:29:13-31:52
138                android:name="androidx.lifecycle.ProcessLifecycleInitializer"
138-->[androidx.lifecycle:lifecycle-process:2.6.1] AndroidManifest.xml:30:17-78
139                android:value="androidx.startup" />
139-->[androidx.lifecycle:lifecycle-process:2.6.1] AndroidManifest.xml:31:17-49
140            <meta-data
140-->[androidx.profileinstaller:profileinstaller:1.3.0] AndroidManifest.xml:29:13-31:52
141                android:name="androidx.profileinstaller.ProfileInstallerInitializer"
141-->[androidx.profileinstaller:profileinstaller:1.3.0] AndroidManifest.xml:30:17-85
142                android:value="androidx.startup" />
142-->[androidx.profileinstaller:profileinstaller:1.3.0] AndroidManifest.xml:31:17-49
143        </provider>
144
145        <uses-library
145-->[androidx.window:window:1.0.0] AndroidManifest.xml:25:9-27:40
146            android:name="androidx.window.extensions"
146-->[androidx.window:window:1.0.0] AndroidManifest.xml:26:13-54
147            android:required="false" />
147-->[androidx.window:window:1.0.0] AndroidManifest.xml:27:13-37
148        <uses-library
148-->[androidx.window:window:1.0.0] AndroidManifest.xml:28:9-30:40
149            android:name="androidx.window.sidecar"
149-->[androidx.window:window:1.0.0] AndroidManifest.xml:29:13-51
150            android:required="false" />
150-->[androidx.window:window:1.0.0] AndroidManifest.xml:30:13-37
151
152        <receiver
152-->[androidx.profileinstaller:profileinstaller:1.3.0] AndroidManifest.xml:34:9-52:20
153            android:name="androidx.profileinstaller.ProfileInstallReceiver"
153-->[androidx.profileinstaller:profileinstaller:1.3.0] AndroidManifest.xml:35:13-76
154            android:directBootAware="false"
154-->[androidx.profileinstaller:profileinstaller:1.3.0] AndroidManifest.xml:36:13-44
155            android:enabled="true"
155-->[androidx.profileinstaller:profileinstaller:1.3.0] AndroidManifest.xml:37:13-35
156            android:exported="true"
156-->[androidx.profileinstaller:profileinstaller:1.3.0] AndroidManifest.xml:38:13-36
157            android:permission="android.permission.DUMP" >
157-->[androidx.profileinstaller:profileinstaller:1.3.0] AndroidManifest.xml:39:13-57
158            <intent-filter>
158-->[androidx.profileinstaller:profileinstaller:1.3.0] AndroidManifest.xml:40:13-42:29
159                <action android:name="androidx.profileinstaller.action.INSTALL_PROFILE" />
159-->[androidx.profileinstaller:profileinstaller:1.3.0] AndroidManifest.xml:41:17-91
159-->[androidx.profileinstaller:profileinstaller:1.3.0] AndroidManifest.xml:41:25-88
160            </intent-filter>
161            <intent-filter>
161-->[androidx.profileinstaller:profileinstaller:1.3.0] AndroidManifest.xml:43:13-45:29
162                <action android:name="androidx.profileinstaller.action.SKIP_FILE" />
162-->[androidx.profileinstaller:profileinstaller:1.3.0] AndroidManifest.xml:44:17-85
162-->[androidx.profileinstaller:profileinstaller:1.3.0] AndroidManifest.xml:44:25-82
163            </intent-filter>
164            <intent-filter>
164-->[androidx.profileinstaller:profileinstaller:1.3.0] AndroidManifest.xml:46:13-48:29
165                <action android:name="androidx.profileinstaller.action.SAVE_PROFILE" />
165-->[androidx.profileinstaller:profileinstaller:1.3.0] AndroidManifest.xml:47:17-88
165-->[androidx.profileinstaller:profileinstaller:1.3.0] AndroidManifest.xml:47:25-85
166            </intent-filter>
167            <intent-filter>
167-->[androidx.profileinstaller:profileinstaller:1.3.0] AndroidManifest.xml:49:13-51:29
168                <action android:name="androidx.profileinstaller.action.BENCHMARK_OPERATION" />
168-->[androidx.profileinstaller:profileinstaller:1.3.0] AndroidManifest.xml:50:17-95
168-->[androidx.profileinstaller:profileinstaller:1.3.0] AndroidManifest.xml:50:25-92
169            </intent-filter>
170        </receiver>
171    </application>
172
173</manifest>